<?xml version="1.0" encoding="UTF-8"?>
<!-- Generated by org.testng.reporters.JUnitReportReporter -->
<testsuite skipped="0" hostname="WS-IN759" name="com.test.automation.HubAutomation.playerLogin.TC001_VerifyLoginWithValidCredentials" tests="1" failures="0" timestamp="21 Jun 2018 07:33:36 GMT" time="5.767" errors="0">
  <testcase name="verifyLoginWithValidCredentials" time="5.767" classname="com.test.automation.HubAutomation.playerLogin.TC001_VerifyLoginWithValidCredentials"/>
</testsuite> <!-- com.test.automation.HubAutomation.playerLogin.TC001_VerifyLoginWithValidCredentials -->
