<?xml version="1.0" encoding="UTF-8"?>
<!-- Generated by org.testng.reporters.JUnitReportReporter -->
<testsuite skipped="0" hostname="WS-IN759" name="com.test.automation.HubAutomation.playerLogin.TC002_VerifyLoginWithInvalidCredentials" tests="1" failures="0" timestamp="21 Jun 2018 07:33:36 GMT" time="61.064" errors="0">
  <testcase name="verifyLoginWithInvalidCredentials" time="61.064" classname="com.test.automation.HubAutomation.playerLogin.TC002_VerifyLoginWithInvalidCredentials"/>
</testsuite> <!-- com.test.automation.HubAutomation.playerLogin.TC002_VerifyLoginWithInvalidCredentials -->
